  Date.cpp
  Hotel.cpp
C:\Users\Dimo\Desktop\Hotel\Hotel\Hotel\Reservation.h(7,19): error C3646: 'interval': unknown override specifier
C:\Users\Dimo\Desktop\Hotel\Hotel\Hotel\Reservation.h(7,19): error C4430: missing type specifier - int assumed. Note: C++ does not support default-int
C:\Users\Dimo\Desktop\Hotel\Hotel\Hotel\Reservation.h(16,13): error C4430: missing type specifier - int assumed. Note: C++ does not support default-int
C:\Users\Dimo\Desktop\Hotel\Hotel\Hotel\Reservation.h(16,41): error C2143: syntax error: missing ',' before '&'
C:\Users\Dimo\Desktop\Hotel\Hotel\Hotel\Reservation.h(17,13): error C4430: missing type specifier - int assumed. Note: C++ does not support default-int
C:\Users\Dimo\Desktop\Hotel\Hotel\Hotel\Reservation.h(17,43): error C2143: syntax error: missing ',' before '&'
C:\Users\Dimo\Desktop\Hotel\Hotel\Hotel\Reservation.h(18,13): error C4430: missing type specifier - int assumed. Note: C++ does not support default-int
C:\Users\Dimo\Desktop\Hotel\Hotel\Hotel\Reservation.h(18,61): error C2143: syntax error: missing ',' before '&'
C:\Users\Dimo\Desktop\Hotel\Hotel\Hotel\Reservation.h(25,33): error C4430: missing type specifier - int assumed. Note: C++ does not support default-int
C:\Users\Dimo\Desktop\Hotel\Hotel\Hotel\Reservation.h(25,33): error C2143: syntax error: missing ',' before '&'
C:\Users\Dimo\Desktop\Hotel\Hotel\Hotel\Reservation.h(31,16): error C4430: missing type specifier - int assumed. Note: C++ does not support default-int
C:\Users\Dimo\Desktop\Hotel\Hotel\Hotel\Reservation.h(31,16): error C2143: syntax error: missing ';' before '&'
C:\Users\Dimo\Desktop\Hotel\Hotel\Hotel\Reservation.h(31,37): error C2238: unexpected token(s) preceding ';'
C:\Users\Dimo\Desktop\Hotel\Hotel\Hotel\Reservation.h(18,91): error C2065: 'interval': undeclared identifier
C:\Users\Dimo\Desktop\Hotel\Hotel\Hotel\ReservationList.h(22,44): error C4430: missing type specifier - int assumed. Note: C++ does not support default-int
C:\Users\Dimo\Desktop\Hotel\Hotel\Hotel\ReservationList.h(22,44): error C2143: syntax error: missing ',' before '&'
C:\Users\Dimo\Desktop\Hotel\Hotel\Hotel\ReservationList.h(24,43): error C4430: missing type specifier - int assumed. Note: C++ does not support default-int
C:\Users\Dimo\Desktop\Hotel\Hotel\Hotel\ReservationList.h(24,43): error C2143: syntax error: missing ',' before '&'
C:\Users\Dimo\Desktop\Hotel\Hotel\Hotel\ReservationList.h(26,49): error C4430: missing type specifier - int assumed. Note: C++ does not support default-int
C:\Users\Dimo\Desktop\Hotel\Hotel\Hotel\ReservationList.h(26,49): error C2143: syntax error: missing ',' before '&'
C:\Users\Dimo\Desktop\Hotel\Hotel\Hotel\ReservationList.h(28,32): error C4430: missing type specifier - int assumed. Note: C++ does not support default-int
C:\Users\Dimo\Desktop\Hotel\Hotel\Hotel\ReservationList.h(28,32): error C2143: syntax error: missing ',' before '&'
C:\Users\Dimo\Desktop\Hotel\Hotel\Hotel\Hotel.cpp(22,51): error C2664: 'Reservation::Reservation(const Reservation &)': cannot convert argument 3 from 'Interval' to 'const int'
C:\Users\Dimo\Desktop\Hotel\Hotel\Hotel\Hotel.cpp(22,36): message : No user-defined-conversion operator available that can perform this conversion, or the operator cannot be called
C:\Users\Dimo\Desktop\Hotel\Hotel\Hotel\Reservation.h(18,2): message : see declaration of 'Reservation::Reservation'
C:\Users\Dimo\Desktop\Hotel\Hotel\Hotel\Hotel.cpp(112,6): error C2664: 'bool ReservationList::isInList(const Reservation &)': cannot convert argument 2 from 'Interval' to 'const int'
C:\Users\Dimo\Desktop\Hotel\Hotel\Hotel\Hotel.cpp(112,35): message : No user-defined-conversion operator available that can perform this conversion, or the operator cannot be called
C:\Users\Dimo\Desktop\Hotel\Hotel\Hotel\ReservationList.h(24,7): message : see declaration of 'ReservationList::isInList'
C:\Users\Dimo\Desktop\Hotel\Hotel\Hotel\Hotel.cpp(124,61): error C2664: 'void ReservationList::removeFromList(const Reservation &)': cannot convert argument 2 from 'Interval' to 'const int'
C:\Users\Dimo\Desktop\Hotel\Hotel\Hotel\Hotel.cpp(124,45): message : No user-defined-conversion operator available that can perform this conversion, or the operator cannot be called
C:\Users\Dimo\Desktop\Hotel\Hotel\Hotel\ReservationList.h(26,7): message : see declaration of 'ReservationList::removeFromList'
C:\Users\Dimo\Desktop\Hotel\Hotel\Hotel\Hotel.cpp(141,78): warning C4267: 'initializing': conversion from 'size_t' to 'int', possible loss of data
C:\Users\Dimo\Desktop\Hotel\Hotel\Hotel\Hotel.cpp(145,40): warning C4267: '=': conversion from 'size_t' to 'int', possible loss of data
  Interval.cpp
C:\Users\Dimo\Desktop\Hotel\Hotel\Hotel\Interval.cpp(42,15): warning C4267: 'return': conversion from 'size_t' to 'const int', possible loss of data
C:\Users\Dimo\Desktop\Hotel\Hotel\Hotel\Interval.cpp(47,50): warning C4267: 'argument': conversion from 'size_t' to 'const int', possible loss of data
C:\Users\Dimo\Desktop\Hotel\Hotel\Hotel\Interval.cpp(48,54): warning C4267: 'argument': conversion from 'size_t' to 'const int', possible loss of data
  main.cpp
C:\Users\Dimo\Desktop\Hotel\Hotel\Hotel\Reservation.h(7,19): error C3646: 'interval': unknown override specifier
C:\Users\Dimo\Desktop\Hotel\Hotel\Hotel\Reservation.h(7,19): error C4430: missing type specifier - int assumed. Note: C++ does not support default-int
C:\Users\Dimo\Desktop\Hotel\Hotel\Hotel\Reservation.h(16,13): error C4430: missing type specifier - int assumed. Note: C++ does not support default-int
C:\Users\Dimo\Desktop\Hotel\Hotel\Hotel\Reservation.h(16,41): error C2143: syntax error: missing ',' before '&'
C:\Users\Dimo\Desktop\Hotel\Hotel\Hotel\Reservation.h(17,13): error C4430: missing type specifier - int assumed. Note: C++ does not support default-int
C:\Users\Dimo\Desktop\Hotel\Hotel\Hotel\Reservation.h(17,43): error C2143: syntax error: missing ',' before '&'
C:\Users\Dimo\Desktop\Hotel\Hotel\Hotel\Reservation.h(18,13): error C4430: missing type specifier - int assumed. Note: C++ does not support default-int
C:\Users\Dimo\Desktop\Hotel\Hotel\Hotel\Reservation.h(18,61): error C2143: syntax error: missing ',' before '&'
C:\Users\Dimo\Desktop\Hotel\Hotel\Hotel\Reservation.h(25,33): error C4430: missing type specifier - int assumed. Note: C++ does not support default-int
C:\Users\Dimo\Desktop\Hotel\Hotel\Hotel\Reservation.h(25,33): error C2143: syntax error: missing ',' before '&'
C:\Users\Dimo\Desktop\Hotel\Hotel\Hotel\Reservation.h(31,16): error C4430: missing type specifier - int assumed. Note: C++ does not support default-int
C:\Users\Dimo\Desktop\Hotel\Hotel\Hotel\Reservation.h(31,16): error C2143: syntax error: missing ';' before '&'
C:\Users\Dimo\Desktop\Hotel\Hotel\Hotel\Reservation.h(31,37): error C2238: unexpected token(s) preceding ';'
C:\Users\Dimo\Desktop\Hotel\Hotel\Hotel\Reservation.h(18,91): error C2065: 'interval': undeclared identifier
C:\Users\Dimo\Desktop\Hotel\Hotel\Hotel\ReservationList.h(22,44): error C4430: missing type specifier - int assumed. Note: C++ does not support default-int
C:\Users\Dimo\Desktop\Hotel\Hotel\Hotel\ReservationList.h(22,44): error C2143: syntax error: missing ',' before '&'
C:\Users\Dimo\Desktop\Hotel\Hotel\Hotel\ReservationList.h(24,43): error C4430: missing type specifier - int assumed. Note: C++ does not support default-int
C:\Users\Dimo\Desktop\Hotel\Hotel\Hotel\ReservationList.h(24,43): error C2143: syntax error: missing ',' before '&'
C:\Users\Dimo\Desktop\Hotel\Hotel\Hotel\ReservationList.h(26,49): error C4430: missing type specifier - int assumed. Note: C++ does not support default-int
C:\Users\Dimo\Desktop\Hotel\Hotel\Hotel\ReservationList.h(26,49): error C2143: syntax error: missing ',' before '&'
C:\Users\Dimo\Desktop\Hotel\Hotel\Hotel\ReservationList.h(28,32): error C4430: missing type specifier - int assumed. Note: C++ does not support default-int
C:\Users\Dimo\Desktop\Hotel\Hotel\Hotel\ReservationList.h(28,32): error C2143: syntax error: missing ',' before '&'
  Reservation.cpp
C:\Users\Dimo\Desktop\Hotel\Hotel\Hotel\Reservation.h(7,19): error C3646: 'interval': unknown override specifier
C:\Users\Dimo\Desktop\Hotel\Hotel\Hotel\Reservation.h(7,19): error C4430: missing type specifier - int assumed. Note: C++ does not support default-int
C:\Users\Dimo\Desktop\Hotel\Hotel\Hotel\Reservation.h(16,13): error C4430: missing type specifier - int assumed. Note: C++ does not support default-int
C:\Users\Dimo\Desktop\Hotel\Hotel\Hotel\Reservation.h(16,41): error C2143: syntax error: missing ',' before '&'
C:\Users\Dimo\Desktop\Hotel\Hotel\Hotel\Reservation.h(17,13): error C4430: missing type specifier - int assumed. Note: C++ does not support default-int
C:\Users\Dimo\Desktop\Hotel\Hotel\Hotel\Reservation.h(17,43): error C2143: syntax error: missing ',' before '&'
C:\Users\Dimo\Desktop\Hotel\Hotel\Hotel\Reservation.h(18,13): error C4430: missing type specifier - int assumed. Note: C++ does not support default-int
C:\Users\Dimo\Desktop\Hotel\Hotel\Hotel\Reservation.h(18,61): error C2143: syntax error: missing ',' before '&'
C:\Users\Dimo\Desktop\Hotel\Hotel\Hotel\Reservation.h(25,33): error C4430: missing type specifier - int assumed. Note: C++ does not support default-int
C:\Users\Dimo\Desktop\Hotel\Hotel\Hotel\Reservation.h(25,33): error C2143: syntax error: missing ',' before '&'
C:\Users\Dimo\Desktop\Hotel\Hotel\Hotel\Reservation.h(31,16): error C4430: missing type specifier - int assumed. Note: C++ does not support default-int
C:\Users\Dimo\Desktop\Hotel\Hotel\Hotel\Reservation.h(31,16): error C2143: syntax error: missing ';' before '&'
C:\Users\Dimo\Desktop\Hotel\Hotel\Hotel\Reservation.h(31,37): error C2238: unexpected token(s) preceding ';'
C:\Users\Dimo\Desktop\Hotel\Hotel\Hotel\Reservation.h(18,91): error C2065: 'interval': undeclared identifier
C:\Users\Dimo\Desktop\Hotel\Hotel\Hotel\Reservation.cpp(18,1): error C2789: 'Reservation::Interval': an object of const-qualified type must be initialized
C:\Users\Dimo\Desktop\Hotel\Hotel\Hotel\Reservation.h(31): message : see declaration of 'Reservation::Interval'
C:\Users\Dimo\Desktop\Hotel\Hotel\Hotel\Reservation.cpp(22,58): error C4430: missing type specifier - int assumed. Note: C++ does not support default-int
C:\Users\Dimo\Desktop\Hotel\Hotel\Hotel\Reservation.cpp(22,58): error C2143: syntax error: missing ',' before '&'
C:\Users\Dimo\Desktop\Hotel\Hotel\Hotel\Reservation.cpp(23,1): error C2789: 'Reservation::Interval': an object of const-qualified type must be initialized
C:\Users\Dimo\Desktop\Hotel\Hotel\Hotel\Reservation.h(31): message : see declaration of 'Reservation::Interval'
C:\Users\Dimo\Desktop\Hotel\Hotel\Hotel\Reservation.cpp(26,14): error C2065: 'interval': undeclared identifier
C:\Users\Dimo\Desktop\Hotel\Hotel\Hotel\Reservation.cpp(29,55): error C4430: missing type specifier - int assumed. Note: C++ does not support default-int
C:\Users\Dimo\Desktop\Hotel\Hotel\Hotel\Reservation.cpp(29,55): error C2143: syntax error: missing ',' before '&'
C:\Users\Dimo\Desktop\Hotel\Hotel\Hotel\Reservation.cpp(30,1): error C2789: 'Reservation::Interval': an object of const-qualified type must be initialized
C:\Users\Dimo\Desktop\Hotel\Hotel\Hotel\Reservation.h(31): message : see declaration of 'Reservation::Interval'
C:\Users\Dimo\Desktop\Hotel\Hotel\Hotel\Reservation.cpp(33,14): error C2065: 'interval': undeclared identifier
C:\Users\Dimo\Desktop\Hotel\Hotel\Hotel\Reservation.cpp(55,45): error C4430: missing type specifier - int assumed. Note: C++ does not support default-int
C:\Users\Dimo\Desktop\Hotel\Hotel\Hotel\Reservation.cpp(55,45): error C2143: syntax error: missing ',' before '&'
C:\Users\Dimo\Desktop\Hotel\Hotel\Hotel\Reservation.cpp(57,8): error C2039: 'interval': is not a member of 'Reservation'
C:\Users\Dimo\Desktop\Hotel\Hotel\Hotel\Reservation.h(5): message : see declaration of 'Reservation'
C:\Users\Dimo\Desktop\Hotel\Hotel\Hotel\Reservation.cpp(57,19): error C2065: 'interval': undeclared identifier
C:\Users\Dimo\Desktop\Hotel\Hotel\Hotel\Reservation.cpp(62,22): error C2065: 'interval': undeclared identifier
C:\Users\Dimo\Desktop\Hotel\Hotel\Hotel\Reservation.cpp(62,38): error C2039: 'interval': is not a member of 'Reservation'
C:\Users\Dimo\Desktop\Hotel\Hotel\Hotel\Reservation.h(5): message : see declaration of 'Reservation'
C:\Users\Dimo\Desktop\Hotel\Hotel\Hotel\Reservation.cpp(72,3): error C2065: 'interval': undeclared identifier
C:\Users\Dimo\Desktop\Hotel\Hotel\Hotel\Reservation.cpp(72,18): error C2039: 'interval': is not a member of 'Reservation'
C:\Users\Dimo\Desktop\Hotel\Hotel\Hotel\Reservation.h(5): message : see declaration of 'Reservation'
C:\Users\Dimo\Desktop\Hotel\Hotel\Hotel\Reservation.cpp(87,15): error C4430: missing type specifier - int assumed. Note: C++ does not support default-int
C:\Users\Dimo\Desktop\Hotel\Hotel\Hotel\Reservation.cpp(87,15): error C2143: syntax error: missing ';' before '&'
C:\Users\Dimo\Desktop\Hotel\Hotel\Hotel\Reservation.cpp(87,30): error C2039: 'getInterval': is not a member of 'Reservation'
C:\Users\Dimo\Desktop\Hotel\Hotel\Hotel\Reservation.h(5): message : see declaration of 'Reservation'
C:\Users\Dimo\Desktop\Hotel\Hotel\Hotel\Reservation.cpp(88,1): error C2270: 'getInterval': modifiers not allowed on nonmember functions
C:\Users\Dimo\Desktop\Hotel\Hotel\Hotel\Reservation.cpp(88,1): error C4430: missing type specifier - int assumed. Note: C++ does not support default-int
C:\Users\Dimo\Desktop\Hotel\Hotel\Hotel\Reservation.cpp(88,1): error C2059: syntax error: '{'
C:\Users\Dimo\Desktop\Hotel\Hotel\Hotel\Reservation.cpp(88,1): error C2143: syntax error: missing ';' before '{'
C:\Users\Dimo\Desktop\Hotel\Hotel\Hotel\Reservation.cpp(88,1): error C2447: '{': missing function header (old-style formal list?)
C:\Users\Dimo\Desktop\Hotel\Hotel\Hotel\Reservation.cpp(103,33): error C2039: 'interval': is not a member of 'Reservation'
C:\Users\Dimo\Desktop\Hotel\Hotel\Hotel\Reservation.h(5): message : see declaration of 'Reservation'
C:\Users\Dimo\Desktop\Hotel\Hotel\Hotel\Reservation.cpp(118,26): error C2039: 'interval': is not a member of 'Reservation'
C:\Users\Dimo\Desktop\Hotel\Hotel\Hotel\Reservation.h(5): message : see declaration of 'Reservation'
C:\Users\Dimo\Desktop\Hotel\Hotel\Hotel\Reservation.cpp(125,96): error C2039: 'getInterval': is not a member of 'Reservation'
C:\Users\Dimo\Desktop\Hotel\Hotel\Hotel\Reservation.h(5): message : see declaration of 'Reservation'
  ReservationList.cpp
C:\Users\Dimo\Desktop\Hotel\Hotel\Hotel\Reservation.h(7,19): error C3646: 'interval': unknown override specifier
C:\Users\Dimo\Desktop\Hotel\Hotel\Hotel\Reservation.h(7,19): error C4430: missing type specifier - int assumed. Note: C++ does not support default-int
C:\Users\Dimo\Desktop\Hotel\Hotel\Hotel\Reservation.h(16,13): error C4430: missing type specifier - int assumed. Note: C++ does not support default-int
C:\Users\Dimo\Desktop\Hotel\Hotel\Hotel\Reservation.h(16,41): error C2143: syntax error: missing ',' before '&'
C:\Users\Dimo\Desktop\Hotel\Hotel\Hotel\Reservation.h(17,13): error C4430: missing type specifier - int assumed. Note: C++ does not support default-int
C:\Users\Dimo\Desktop\Hotel\Hotel\Hotel\Reservation.h(17,43): error C2143: syntax error: missing ',' before '&'
C:\Users\Dimo\Desktop\Hotel\Hotel\Hotel\Reservation.h(18,13): error C4430: missing type specifier - int assumed. Note: C++ does not support default-int
C:\Users\Dimo\Desktop\Hotel\Hotel\Hotel\Reservation.h(18,61): error C2143: syntax error: missing ',' before '&'
C:\Users\Dimo\Desktop\Hotel\Hotel\Hotel\Reservation.h(25,33): error C4430: missing type specifier - int assumed. Note: C++ does not support default-int
C:\Users\Dimo\Desktop\Hotel\Hotel\Hotel\Reservation.h(25,33): error C2143: syntax error: missing ',' before '&'
C:\Users\Dimo\Desktop\Hotel\Hotel\Hotel\Reservation.h(31,16): error C4430: missing type specifier - int assumed. Note: C++ does not support default-int
C:\Users\Dimo\Desktop\Hotel\Hotel\Hotel\Reservation.h(31,16): error C2143: syntax error: missing ';' before '&'
C:\Users\Dimo\Desktop\Hotel\Hotel\Hotel\Reservation.h(31,37): error C2238: unexpected token(s) preceding ';'
C:\Users\Dimo\Desktop\Hotel\Hotel\Hotel\Reservation.h(18,91): error C2065: 'interval': undeclared identifier
C:\Users\Dimo\Desktop\Hotel\Hotel\Hotel\ReservationList.h(22,44): error C4430: missing type specifier - int assumed. Note: C++ does not support default-int
C:\Users\Dimo\Desktop\Hotel\Hotel\Hotel\ReservationList.h(22,44): error C2143: syntax error: missing ',' before '&'
C:\Users\Dimo\Desktop\Hotel\Hotel\Hotel\ReservationList.h(24,43): error C4430: missing type specifier - int assumed. Note: C++ does not support default-int
C:\Users\Dimo\Desktop\Hotel\Hotel\Hotel\ReservationList.h(24,43): error C2143: syntax error: missing ',' before '&'
C:\Users\Dimo\Desktop\Hotel\Hotel\Hotel\ReservationList.h(26,49): error C4430: missing type specifier - int assumed. Note: C++ does not support default-int
C:\Users\Dimo\Desktop\Hotel\Hotel\Hotel\ReservationList.h(26,49): error C2143: syntax error: missing ',' before '&'
C:\Users\Dimo\Desktop\Hotel\Hotel\Hotel\ReservationList.h(28,32): error C4430: missing type specifier - int assumed. Note: C++ does not support default-int
C:\Users\Dimo\Desktop\Hotel\Hotel\Hotel\ReservationList.h(28,32): error C2143: syntax error: missing ',' before '&'
C:\Users\Dimo\Desktop\Hotel\Hotel\Hotel\ReservationList.cpp(16,23): warning C4018: '<': signed/unsigned mismatch
C:\Users\Dimo\Desktop\Hotel\Hotel\Hotel\ReservationList.cpp(32,22): warning C4267: 'argument': conversion from 'size_t' to 'std::ios_base::seekdir', possible loss of data
C:\Users\Dimo\Desktop\Hotel\Hotel\Hotel\ReservationList.cpp(58,65): error C4430: missing type specifier - int assumed. Note: C++ does not support default-int
C:\Users\Dimo\Desktop\Hotel\Hotel\Hotel\ReservationList.cpp(58,65): error C2143: syntax error: missing ',' before '&'
C:\Users\Dimo\Desktop\Hotel\Hotel\Hotel\ReservationList.cpp(60,24): error C2065: 'interval': undeclared identifier
C:\Users\Dimo\Desktop\Hotel\Hotel\Hotel\ReservationList.cpp(74,64): error C4430: missing type specifier - int assumed. Note: C++ does not support default-int
C:\Users\Dimo\Desktop\Hotel\Hotel\Hotel\ReservationList.cpp(74,64): error C2143: syntax error: missing ',' before '&'
C:\Users\Dimo\Desktop\Hotel\Hotel\Hotel\ReservationList.cpp(76,24): error C2065: 'interval': undeclared identifier
C:\Users\Dimo\Desktop\Hotel\Hotel\Hotel\ReservationList.cpp(88,70): error C4430: missing type specifier - int assumed. Note: C++ does not support default-int
C:\Users\Dimo\Desktop\Hotel\Hotel\Hotel\ReservationList.cpp(88,70): error C2143: syntax error: missing ',' before '&'
C:\Users\Dimo\Desktop\Hotel\Hotel\Hotel\ReservationList.cpp(90,24): error C2065: 'interval': undeclared identifier
C:\Users\Dimo\Desktop\Hotel\Hotel\Hotel\ReservationList.cpp(98,37): warning C4267: 'argument': conversion from 'size_t' to 'int', possible loss of data
  Room.cpp
  String.cpp
C:\Users\Dimo\Desktop\Hotel\Hotel\Hotel\String.cpp(11,2): error C4996: 'strcpy': This function or variable may be unsafe. Consider using strcpy_s instead. To disable deprecation, use _CRT_SECURE_NO_WARNINGS. See online help for details.
C:\Users\Dimo\Desktop\Hotel\Hotel\Hotel\String.cpp(31,3): error C4996: 'strcpy': This function or variable may be unsafe. Consider using strcpy_s instead. To disable deprecation, use _CRT_SECURE_NO_WARNINGS. See online help for details.
C:\Users\Dimo\Desktop\Hotel\Hotel\Hotel\String.cpp(47,29): warning C4267: 'initializing': conversion from 'size_t' to 'int', possible loss of data
C:\Users\Dimo\Desktop\Hotel\Hotel\Hotel\String.cpp(58,1): error C2084: function 'String::String(const char *)' already has a body
C:\Users\Dimo\Desktop\Hotel\Hotel\Hotel\String.cpp(19): message : see previous definition of '{ctor}'
C:\Users\Dimo\Desktop\Hotel\Hotel\Hotel\String.cpp(61,2): error C4996: 'strcpy': This function or variable may be unsafe. Consider using strcpy_s instead. To disable deprecation, use _CRT_SECURE_NO_WARNINGS. See online help for details.
C:\Users\Dimo\Desktop\Hotel\Hotel\Hotel\String.cpp(92,2): error C4996: 'strcpy': This function or variable may be unsafe. Consider using strcpy_s instead. To disable deprecation, use _CRT_SECURE_NO_WARNINGS. See online help for details.
C:\Users\Dimo\Desktop\Hotel\Hotel\Hotel\String.cpp(93,2): error C4996: 'strcat': This function or variable may be unsafe. Consider using strcat_s instead. To disable deprecation, use _CRT_SECURE_NO_WARNINGS. See online help for details.
C:\Users\Dimo\Desktop\Hotel\Hotel\Hotel\String.cpp(132,2): error C4996: 'strcpy': This function or variable may be unsafe. Consider using strcpy_s instead. To disable deprecation, use _CRT_SECURE_NO_WARNINGS. See online help for details.
  Generating Code...
